#
# There is insufficient memory for the Java Runtime Environment to continue.
# Native memory allocation (malloc) failed to allocate 1110576 bytes for Chunk::new
# Possible reasons:
#   The system is out of physical RAM or swap space
#   In 32 bit mode, the process size limit was hit
# Possible solutions:
#   Reduce memory load on the system
#   Increase physical memory or swap space
#   Check if swap backing store is full
#   Use 64 bit Java on a 64 bit OS
#   Decrease Java heap size (-Xmx/-Xms)
#   Decrease number of Java threads
#   Decrease Java thread stack sizes (-Xss)
#   Set larger code cache with -XX:ReservedCodeCacheSize=
# This output file may be truncated or incomplete.
#
#  Out of Memory Error (allocation.cpp:390), pid=444, tid=0x00000000000003cc
#
# JRE version: Java(TM) SE Runtime Environment (8.0_121-b13) (build 1.8.0_121-b13)
# Java VM: Java HotSpot(TM) 64-Bit Server VM (25.121-b13 mixed mode windows-amd64 compressed oops)
# Failed to write core dump. Minidumps are not enabled by default on client versions of Windows
#

---------------  T H R E A D  ---------------

Current thread (0x0000000015f71800):  JavaThread "C2 CompilerThread1" daemon [_thread_in_native, id=972, stack(0x00000000176e0000,0x00000000177e0000)]

Stack: [0x00000000176e0000,0x00000000177e0000]
[error occurred during error reporting (printing stack bounds), id 0xc0000005]

Native frames: (J=compiled Java code, j=interpreted, Vv=VM code, C=native code)


Current CompileTask:
C2: 251058 12544       4       com.sun.beans.TypeResolver::resolve (37 bytes)


---------------  P R O C E S S  ---------------

Java Threads: ( => current thread )
  0x000000001bc01000 JavaThread "Stdin handler" [_thread_blocked, id=7708, stack(0x0000000023f50000,0x0000000024050000)]
  0x000000001bbfb800 JavaThread "Asynchronous log dispatcher for DefaultDaemonConnection: socket connection from /127.0.0.1:50516 to /127.0.0.1:50811" [_thread_blocked, id=6036, stack(0x0000000023e50000,0x0000000023f50000)]
  0x000000001bbf9800 JavaThread "Daemon worker Thread 3" [_thread_in_Java, id=4072, stack(0x0000000023d50000,0x0000000023e50000)]
  0x000000001bbfb000 JavaThread "Cancel handler" [_thread_blocked, id=10680, stack(0x0000000023c50000,0x0000000023d50000)]
  0x000000001bbff800 JavaThread "Handler for socket connection from /127.0.0.1:50516 to /127.0.0.1:50811" [_thread_in_native, id=4104, stack(0x0000000023b50000,0x0000000023c50000)]
  0x000000001bbfc800 JavaThread "Daemon Thread 3" [_thread_blocked, id=7904, stack(0x0000000023a50000,0x0000000023b50000)]
  0x000000001bbfd000 JavaThread "pool-4-thread-3" [_thread_blocked, id=7464, stack(0x0000000023150000,0x0000000023250000)]
  0x000000001bbfe000 JavaThread "pool-4-thread-2" [_thread_blocked, id=768, stack(0x0000000022750000,0x0000000022850000)]
  0x000000001bc00000 JavaThread "pool-4-thread-1" [_thread_blocked, id=7644, stack(0x0000000021f50000,0x0000000022050000)]
  0x0000000018a6c000 JavaThread "File lock request listener" [_thread_in_native, id=8880, stack(0x000000001dac0000,0x000000001dbc0000)]
  0x0000000018d14000 JavaThread "Incoming local TCP Connector on port 50516" [_thread_in_native, id=492, stack(0x0000000019d20000,0x0000000019e20000)]
  0x0000000018dcb800 JavaThread "pool-1-thread-1" [_thread_blocked, id=984, stack(0x00000000196b0000,0x00000000197b0000)]
  0x0000000017918800 JavaThread "Service Thread" daemon [_thread_blocked, id=9480, stack(0x0000000017ce0000,0x0000000017de0000)]
  0x0000000015f81800 JavaThread "C1 CompilerThread2" daemon [_thread_blocked, id=8168, stack(0x00000000177e0000,0x00000000178e0000)]
=>0x0000000015f71800 JavaThread "C2 CompilerThread1" daemon [_thread_in_native, id=972, stack(0x00000000176e0000,0x00000000177e0000)]
  0x0000000015f6e000 JavaThread "C2 CompilerThread0" daemon [_thread_in_native, id=3536, stack(0x00000000175e0000,0x00000000176e0000)]
  0x0000000015f6c000 JavaThread "Attach Listener" daemon [_thread_blocked, id=4856, stack(0x00000000174e0000,0x00000000175e0000)]
  0x0000000015f69000 JavaThread "Signal Dispatcher" daemon [_thread_blocked, id=4752, stack(0x00000000173e0000,0x00000000174e0000)]
  0x0000000015f59800 JavaThread "Finalizer" daemon [_thread_blocked, id=1464, stack(0x00000000171f0000,0x00000000172f0000)]
  0x00000000025f0000 JavaThread "Reference Handler" daemon [_thread_blocked, id=10624, stack(0x00000000170f0000,0x00000000171f0000)]
  0x00000000023fd800 JavaThread "main" [_thread_blocked, id=10868, stack(0x0000000002400000,0x0000000002500000)]

Other Threads:
  0x0000000015f37800 VMThread [stack: 0x0000000016ff0000,0x00000000170f0000] [id=5952]
  0x000000001792b000 WatcherThread [stack: 0x0000000017de0000,0x0000000017ee0000] [id=2540]

VM state:not at safepoint (normal execution)

VM Mutex/Monitor currently owned by a thread: None

Heap:
 PSYoungGen      total 275968K, used 163615K [0x00000000e0000000, 0x00000000f7e00000, 0x0000000100000000)
  eden space 173056K, 90% used [0x00000000e0000000,0x00000000e9953d08,0x00000000ea900000)
  from space 102912K, 6% used [0x00000000f1980000,0x00000000f1ff4120,0x00000000f7e00000)
  to   space 109056K, 0% used [0x00000000ea900000,0x00000000ea900000,0x00000000f1380000)
 ParOldGen       total 519680K, used 317483K [0x00000000a0000000, 0x00000000bfb80000, 0x00000000e0000000)
  object space 519680K, 61% used [0x00000000a0000000,0x00000000b360ae30,0x00000000bfb80000)
 Metaspace       used 62219K, capacity 64478K, committed 64640K, reserved 1105920K
  class space    used 8334K, capacity 8782K, committed 8832K, reserved 1048576K

Card table byte_map: [0x00000000119c0000,0x0000000011cd0000] byte_map_base: 0x00000000114c0000

Marking Bits: (ParMarkBitMap*) 0x000000005638b6d0
 Begin Bits: [0x00000000122d0000, 0x0000000013ad0000)
 End Bits:   [0x0000000013ad0000, 0x00000000152d0000)

Polling page: 0x0000000000b40000

CodeCache: size=245760Kb used=35092Kb max_used=35092Kb free=210667Kb
 bounds [0x0000000002600000, 0x0000000004870000, 0x0000000011600000]
 total_blobs=10933 nmethods=10159 adapters=684
 compilation: enabled

Compilation events (10 events):
Event: 250.885 Thread 0x0000000015f81800 12595       3       org.codehaus.groovy.runtime.typehandling.DefaultTypeTransformation::intUnbox (13 bytes)
Event: 250.885 Thread 0x0000000015f81800 nmethod 12595 0x0000000004866e50 code [0x0000000004866fc0, 0x00000000048671f8]
Event: 250.885 Thread 0x0000000015f81800 12596       3       org.codehaus.groovy.runtime.typehandling.DefaultTypeTransformation::castToNumber (121 bytes)
Event: 250.888 Thread 0x0000000015f81800 nmethod 12596 0x00000000048672d0 code [0x0000000004867640, 0x0000000004869878]
Event: 250.888 Thread 0x0000000015f81800 12598   !   3       org.codehaus.groovy.runtime.callsite.PojoMetaMethodSite::checkCall (60 bytes)
Event: 250.890 Thread 0x0000000015f81800 nmethod 12598 0x000000000486a8d0 code [0x000000000486ab20, 0x000000000486bf08]
Event: 250.890 Thread 0x0000000015f81800 12599       3       org.codehaus.groovy.runtime.MetaClassHelper::sameClasses (34 bytes)
Event: 250.890 Thread 0x0000000015f81800 nmethod 12599 0x000000000486c790 code [0x000000000486c960, 0x000000000486d458]
Event: 250.890 Thread 0x0000000015f81800 12597       1       org.jetbrains.plugins.gradle.model.DefaultExternalTask::getName (5 bytes)
Event: 250.891 Thread 0x0000000015f81800 nmethod 12597 0x000000000486d750 code [0x000000000486d8a0, 0x000000000486d9b0]

GC Heap History (10 events):
Event: 40.935 GC heap before
{Heap before GC invocations=39 (full 7):
 PSYoungGen      total 254976K, used 126464K [0x00000000e0000000, 0x00000000f8280000, 0x0000000100000000)
  eden space 126464K, 100% used [0x00000000e0000000,0x00000000e7b80000,0x00000000e7b80000)
  from space 128512K, 0% used [0x00000000e7b80000,0x00000000e7b80000,0x00000000ef900000)
  to   space 123904K, 0% used [0x00000000f0980000,0x00000000f0980000,0x00000000f8280000)
 ParOldGen       total 519680K, used 289119K [0x00000000a0000000, 0x00000000bfb80000, 0x00000000e0000000)
  object space 519680K, 55% used [0x00000000a0000000,0x00000000b1a57fc0,0x00000000bfb80000)
 Metaspace       used 54033K, capacity 55596K, committed 55808K, reserved 1097728K
  class space    used 7275K, capacity 7641K, committed 7680K, reserved 1048576K
Event: 40.972 GC heap after
Heap after GC invocations=39 (full 7):
 PSYoungGen      total 257536K, used 28682K [0x00000000e0000000, 0x00000000f7680000, 0x0000000100000000)
  eden space 145920K, 0% used [0x00000000e0000000,0x00000000e0000000,0x00000000e8e80000)
  from space 111616K, 25% used [0x00000000f0980000,0x00000000f2582a58,0x00000000f7680000)
  to   space 118784K, 0% used [0x00000000e8e80000,0x00000000e8e80000,0x00000000f0280000)
 ParOldGen       total 519680K, used 289119K [0x00000000a0000000, 0x00000000bfb80000, 0x00000000e0000000)
  object space 519680K, 55% used [0x00000000a0000000,0x00000000b1a57fc0,0x00000000bfb80000)
 Metaspace       used 54033K, capacity 55596K, committed 55808K, reserved 1097728K
  class space    used 7275K, capacity 7641K, committed 7680K, reserved 1048576K
}
Event: 41.901 GC heap before
{Heap before GC invocations=40 (full 7):
 PSYoungGen      total 257536K, used 174602K [0x00000000e0000000, 0x00000000f7680000, 0x0000000100000000)
  eden space 145920K, 100% used [0x00000000e0000000,0x00000000e8e80000,0x00000000e8e80000)
  from space 111616K, 25% used [0x00000000f0980000,0x00000000f2582a58,0x00000000f7680000)
  to   space 118784K, 0% used [0x00000000e8e80000,0x00000000e8e80000,0x00000000f0280000)
 ParOldGen       total 519680K, used 289119K [0x00000000a0000000, 0x00000000bfb80000, 0x00000000e0000000)
  object space 519680K, 55% used [0x00000000a0000000,0x00000000b1a57fc0,0x00000000bfb80000)
 Metaspace       used 54533K, capacity 56076K, committed 56320K, reserved 1097728K
  class space    used 7325K, capacity 7673K, committed 7680K, reserved 1048576K
Event: 41.953 GC heap after
Heap after GC invocations=40 (full 7):
 PSYoungGen      total 264704K, used 11413K [0x00000000e0000000, 0x00000000f8280000, 0x0000000100000000)
  eden space 145920K, 0% used [0x00000000e0000000,0x00000000e0000000,0x00000000e8e80000)
  from space 118784K, 9% used [0x00000000e8e80000,0x00000000e99a5418,0x00000000f0280000)
  to   space 116736K, 0% used [0x00000000f1080000,0x00000000f1080000,0x00000000f8280000)
 ParOldGen       total 519680K, used 317459K [0x00000000a0000000, 0x00000000bfb80000, 0x00000000e0000000)
  object space 519680K, 61% used [0x00000000a0000000,0x00000000b3604e30,0x00000000bfb80000)
 Metaspace       used 54533K, capacity 56076K, committed 56320K, reserved 1097728K
  class space    used 7325K, capacity 7673K, committed 7680K, reserved 1048576K
}
Event: 43.742 GC heap before
{Heap before GC invocations=41 (full 7):
 PSYoungGen      total 264704K, used 156575K [0x00000000e0000000, 0x00000000f8280000, 0x0000000100000000)
  eden space 145920K, 99% used [0x00000000e0000000,0x00000000e8dc2b68,0x00000000e8e80000)
  from space 118784K, 9% used [0x00000000e8e80000,0x00000000e99a5418,0x00000000f0280000)
  to   space 116736K, 0% used [0x00000000f1080000,0x00000000f1080000,0x00000000f8280000)
 ParOldGen       total 519680K, used 317459K [0x00000000a0000000, 0x00000000bfb80000, 0x00000000e0000000)
  object space 519680K, 61% used [0x00000000a0000000,0x00000000b3604e30,0x00000000bfb80000)
 Metaspace       used 56566K, capacity 58364K, committed 58496K, reserved 1099776K
  class space    used 7612K, capacity 7995K, committed 8064K, reserved 1048576K
Event: 43.754 GC heap after
Heap after GC invocations=41 (full 7):
 PSYoungGen      total 269824K, used 8756K [0x00000000e0000000, 0x00000000f7b80000, 0x0000000100000000)
  eden space 160256K, 0% used [0x00000000e0000000,0x00000000e0000000,0x00000000e9c80000)
  from space 109568K, 7% used [0x00000000f1080000,0x00000000f190d368,0x00000000f7b80000)
  to   space 114176K, 0% used [0x00000000e9c80000,0x00000000e9c80000,0x00000000f0c00000)
 ParOldGen       total 519680K, used 317467K [0x00000000a0000000, 0x00000000bfb80000, 0x00000000e0000000)
  object space 519680K, 61% used [0x00000000a0000000,0x00000000b3606e30,0x00000000bfb80000)
 Metaspace       used 56566K, capacity 58364K, committed 58496K, reserved 1099776K
  class space    used 7612K, capacity 7995K, committed 8064K, reserved 1048576K
}
Event: 43.794 GC heap before
{Heap before GC invocations=42 (full 7):
 PSYoungGen      total 269824K, used 168125K [0x00000000e0000000, 0x00000000f7b80000, 0x0000000100000000)
  eden space 160256K, 99% used [0x00000000e0000000,0x00000000e9ba20c8,0x00000000e9c80000)
  from space 109568K, 7% used [0x00000000f1080000,0x00000000f190d368,0x00000000f7b80000)
  to   space 114176K, 0% used [0x00000000e9c80000,0x00000000e9c80000,0x00000000f0c00000)
 ParOldGen       total 519680K, used 317467K [0x00000000a0000000, 0x00000000bfb80000, 0x00000000e0000000)
  object space 519680K, 61% used [0x00000000a0000000,0x00000000b3606e30,0x00000000bfb80000)
 Metaspace       used 56572K, capacity 58364K, committed 58496K, reserved 1099776K
  class space    used 7612K, capacity 7995K, committed 8064K, reserved 1048576K
Event: 43.800 GC heap after
Heap after GC invocations=42 (full 7):
 PSYoungGen      total 274432K, used 2988K [0x00000000e0000000, 0x00000000f8780000, 0x0000000100000000)
  eden space 160256K, 0% used [0x00000000e0000000,0x00000000e0000000,0x00000000e9c80000)
  from space 114176K, 2% used [0x00000000e9c80000,0x00000000e9f6b0e0,0x00000000f0c00000)
  to   space 112640K, 0% used [0x00000000f1980000,0x00000000f1980000,0x00000000f8780000)
 ParOldGen       total 519680K, used 317475K [0x00000000a0000000, 0x00000000bfb80000, 0x00000000e0000000)
  object space 519680K, 61% used [0x00000000a0000000,0x00000000b3608e30,0x00000000bfb80000)
 Metaspace       used 56572K, capacity 58364K, committed 58496K, reserved 1099776K
  class space    used 7612K, capacity 7995K, committed 8064K, reserved 1048576K
}
Event: 243.227 GC heap before
{Heap before GC invocations=43 (full 7):
 PSYoungGen      total 274432K, used 163244K [0x00000000e0000000, 0x00000000f8780000, 0x0000000100000000)
  eden space 160256K, 100% used [0x00000000e0000000,0x00000000e9c80000,0x00000000e9c80000)
  from space 114176K, 2% used [0x00000000e9c80000,0x00000000e9f6b0e0,0x00000000f0c00000)
  to   space 112640K, 0% used [0x00000000f1980000,0x00000000f1980000,0x00000000f8780000)
 ParOldGen       total 519680K, used 317475K [0x00000000a0000000, 0x00000000bfb80000, 0x00000000e0000000)
  object space 519680K, 61% used [0x00000000a0000000,0x00000000b3608e30,0x00000000bfb80000)
 Metaspace       used 59500K, capacity 61566K, committed 61824K, reserved 1103872K
  class space    used 7896K, capacity 8301K, committed 8320K, reserved 1048576K
Event: 243.310 GC heap after
Heap after GC invocations=43 (full 7):
 PSYoungGen      total 275968K, used 6608K [0x00000000e0000000, 0x00000000f7e00000, 0x0000000100000000)
  eden space 173056K, 0% used [0x00000000e0000000,0x00000000e0000000,0x00000000ea900000)
  from space 102912K, 6% used [0x00000000f1980000,0x00000000f1ff4120,0x00000000f7e00000)
  to   space 109056K, 0% used [0x00000000ea900000,0x00000000ea900000,0x00000000f1380000)
 ParOldGen       total 519680K, used 317483K [0x00000000a0000000, 0x00000000bfb80000, 0x00000000e0000000)
  object space 519680K, 61% used [0x00000000a0000000,0x00000000b360ae30,0x00000000bfb80000)
 Metaspace       used 59500K, capacity 61566K, committed 61824K, reserved 1103872K
  class space    used 7896K, capacity 8301K, committed 8320K, reserved 1048576K
}

Deoptimization events (10 events):
Event: 247.364 Thread 0x000000001bbf9800 Uncommon trap: reason=unstable_if action=reinterpret pc=0x000000000405ccbc method=org.apache.ivy.core.IvyPatternHelper.substituteTokens(Ljava/lang/String;Ljava/util/Map;)Ljava/lang/String; @ 438
Event: 247.368 Thread 0x000000001bbf9800 Uncommon trap: reason=unstable_if action=reinterpret pc=0x0000000003a803c4 method=org.apache.ivy.core.IvyPatternHelper.substituteTokens(Ljava/lang/String;Ljava/util/Map;)Ljava/lang/String; @ 438
Event: 247.557 Thread 0x000000001bbf9800 Uncommon trap: reason=unstable_if action=reinterpret pc=0x0000000003280e74 method=java.lang.AbstractStringBuilder.append(I)Ljava/lang/AbstractStringBuilder; @ 16
Event: 247.558 Thread 0x000000001bbf9800 Uncommon trap: reason=unstable_if action=reinterpret pc=0x000000000286ede8 method=java.lang.Integer.getChars(II[C)V @ 7
Event: 247.979 Thread 0x000000001bbf9800 Uncommon trap: reason=unloaded action=reinterpret pc=0x00000000046d0770 method=sun.reflect.generics.parser.SignatureParser.parseBaseType()Lsun/reflect/generics/tree/BaseType; @ 148
Event: 248.049 Thread 0x000000001bbf9800 Uncommon trap: reason=unstable_if action=reinterpret pc=0x00000000037a6358 method=org.codehaus.groovy.reflection.CachedMethod.compareToMethod(Ljava/lang/reflect/Method;)I @ 71
Event: 248.432 Thread 0x000000001bbf9800 Uncommon trap: reason=predicate action=maybe_recompile pc=0x000000000380a798 method=java.util.ComparableTimSort.reverseRange([Ljava/lang/Object;II)V @ 8
Event: 248.919 Thread 0x000000001bbf9800 Uncommon trap: reason=unstable_if action=reinterpret pc=0x00000000046d1fb8 method=java.beans.PropertyDescriptor.getPropertyType0()Ljava/lang/Class; @ 4
Event: 250.354 Thread 0x000000001bbf9800 Uncommon trap: reason=unloaded action=reinterpret pc=0x0000000003805038 method=sun.reflect.generics.factory.CoreReflectionFactory.makeNamedType(Ljava/lang/String;)Ljava/lang/reflect/Type; @ 11
Event: 250.451 Thread 0x000000001bbf9800 Uncommon trap: reason=unstable_if action=reinterpret pc=0x0000000003924748 method=java.lang.Integer.equals(Ljava/lang/Object;)Z @ 18

Internal exceptions (10 events):
Event: 250.939 Thread 0x000000001bbf9800 Exception <a 'java/lang/ClassNotFoundException': com/android/build/gradle/internal/tasks/SourceSetsTask_DecoratedBeanInfo> (0x00000000e9591b20) thrown at [C:\re\workspace\8-2-build-windows-amd64-cygwin\jdk8u121\8372\hotspot\src\share\vm\classfile\systemDi
Event: 250.939 Thread 0x000000001bbf9800 Exception <a 'java/lang/ClassNotFoundException': com/android/build/gradle/internal/tasks/SourceSetsTaskBeanInfo> (0x00000000e95a5850) thrown at [C:\re\workspace\8-2-build-windows-amd64-cygwin\jdk8u121\8372\hotspot\src\share\vm\classfile\systemDictionary.c
Event: 250.940 Thread 0x000000001bbf9800 Exception <a 'java/lang/ClassNotFoundException': com/android/build/gradle/internal/tasks/SourceSetsTaskCustomizer> (0x00000000e95b9ed8) thrown at [C:\re\workspace\8-2-build-windows-amd64-cygwin\jdk8u121\8372\hotspot\src\share\vm\classfile\systemDictionary
Event: 250.941 Thread 0x000000001bbf9800 Exception <a 'java/lang/ClassNotFoundException': com/android/build/gradle/internal/tasks/SourceSetsTask_DecoratedCustomizer> (0x00000000e95e2838) thrown at [C:\re\workspace\8-2-build-windows-amd64-cygwin\jdk8u121\8372\hotspot\src\share\vm\classfile\system
Event: 250.955 Thread 0x000000001bbf9800 Exception <a 'java/lang/ClassNotFoundException': com/android/build/gradle/tasks/factory/AndroidUnitTest_DecoratedBeanInfo> (0x00000000e96ca220) thrown at [C:\re\workspace\8-2-build-windows-amd64-cygwin\jdk8u121\8372\hotspot\src\share\vm\classfile\systemDi
Event: 250.956 Thread 0x000000001bbf9800 Exception <a 'java/lang/ClassNotFoundException': com/android/build/gradle/tasks/factory/AndroidUnitTestBeanInfo> (0x00000000e96ddf58) thrown at [C:\re\workspace\8-2-build-windows-amd64-cygwin\jdk8u121\8372\hotspot\src\share\vm\classfile\systemDictionary.c
Event: 250.956 Thread 0x000000001bbf9800 Exception <a 'java/lang/ClassNotFoundException': org/gradle/api/tasks/testing/TestBeanInfo> (0x00000000e96f8740) thrown at [C:\re\workspace\8-2-build-windows-amd64-cygwin\jdk8u121\8372\hotspot\src\share\vm\classfile\systemDictionary.cpp, line 210]
Event: 250.957 Thread 0x000000001bbf9800 Exception <a 'java/lang/ClassNotFoundException': org/gradle/api/tasks/testing/TestCustomizer> (0x00000000e9714680) thrown at [C:\re\workspace\8-2-build-windows-amd64-cygwin\jdk8u121\8372\hotspot\src\share\vm\classfile\systemDictionary.cpp, line 210]
Event: 251.008 Thread 0x000000001bbf9800 Exception <a 'java/lang/ClassNotFoundException': com/android/build/gradle/tasks/factory/AndroidUnitTestCustomizer> (0x00000000e97b62a0) thrown at [C:\re\workspace\8-2-build-windows-amd64-cygwin\jdk8u121\8372\hotspot\src\share\vm\classfile\systemDictionary
Event: 251.011 Thread 0x000000001bbf9800 Exception <a 'java/lang/ClassNotFoundException': com/android/build/gradle/tasks/factory/AndroidUnitTest_DecoratedCustomizer> (0x00000000e97e7e00) thrown at [C:\re\workspace\8-2-build-windows-amd64-cygwin\jdk8u121\8372\hotspot\src\share\vm\classfile\system

Events (10 events):
Event: 251.008 loading class com/android/build/gradle/tasks/factory/AndroidUnitTestCustomizer
Event: 251.008 loading class com/android/build/gradle/tasks/factory/AndroidUnitTestCustomizer done
Event: 251.008 loading class com/android/build/gradle/tasks/factory/AndroidUnitTestCustomizer
Event: 251.008 loading class com/android/build/gradle/tasks/factory/AndroidUnitTestCustomizer done
Event: 251.009 loading class com/android/build/gradle/tasks/factory/AndroidUnitTest_DecoratedCustomizer
Event: 251.009 loading class com/android/build/gradle/tasks/factory/AndroidUnitTest_DecoratedCustomizer done
Event: 251.010 loading class com/android/build/gradle/tasks/factory/AndroidUnitTest_DecoratedCustomizer
Event: 251.010 loading class com/android/build/gradle/tasks/factory/AndroidUnitTest_DecoratedCustomizer done
Event: 251.011 loading class com/android/build/gradle/tasks/factory/AndroidUnitTest_DecoratedCustomizer
Event: 251.011 loading class com/android/build/gradle/tasks/factory/AndroidUnitTest_DecoratedCustomizer done


Dynamic libraries:
0x00007ff644e20000 - 0x00007ff644e57000 	C:\Program Files\Java\jdk1.8.0_121\bin\java.exe
0x00007ff836330000 - 0x00007ff836501000 	C:\Windows\SYSTEM32\ntdll.dll
0x00007ff836150000 - 0x00007ff8361fb000 	C:\Windows\System32\KERNEL32.DLL
0x00007ff832a80000 - 0x00007ff832c9d000 	C:\Windows\System32\KERNELBASE.dll
0x00007ff8360a0000 - 0x00007ff836142000 	C:\Windows\System32\ADVAPI32.dll
0x00007ff8338c0000 - 0x00007ff83395e000 	C:\Windows\System32\msvcrt.dll
0x00007ff835bd0000 - 0x00007ff835c29000 	C:\Windows\System32\sechost.dll
0x00007ff836200000 - 0x00007ff836321000 	C:\Windows\System32\RPCRT4.dll
0x00007ff834e90000 - 0x00007ff834ff5000 	C:\Windows\System32\USER32.dll
0x00007ff8335f0000 - 0x00007ff83360e000 	C:\Windows\System32\win32u.dll
0x00007ff835880000 - 0x00007ff8358b4000 	C:\Windows\System32\GDI32.dll
0x00007ff833610000 - 0x00007ff833792000 	C:\Windows\System32\gdi32full.dll
0x00007ff827c10000 - 0x00007ff827e8a000 	C:\Windows\WinSxS\amd64_microsoft.windows.common-controls_6595b64144ccf1df_6.0.14393.953_none_42151e83c686086b\COMCTL32.dll
0x00007ff835dd0000 - 0x00007ff836098000 	C:\Windows\System32\combase.dll
0x00007ff8328d0000 - 0x00007ff8329c5000 	C:\Windows\System32\ucrtbase.dll
0x00007ff833850000 - 0x00007ff8338ba000 	C:\Windows\System32\bcryptPrimitives.dll
0x00007ff835000000 - 0x00007ff83502e000 	C:\Windows\System32\IMM32.DLL
0x0000000056410000 - 0x00000000564e2000 	C:\Program Files\Java\jdk1.8.0_121\jre\bin\msvcr100.dll
0x0000000055b70000 - 0x000000005640b000 	C:\Program Files\Java\jdk1.8.0_121\jre\bin\server\jvm.dll
0x00007ff8350a0000 - 0x00007ff8350a8000 	C:\Windows\System32\PSAPI.DLL
0x00007ff82fd10000 - 0x00007ff82fd33000 	C:\Windows\SYSTEM32\WINMM.dll
0x00007ff8313e0000 - 0x00007ff8313e9000 	C:\Windows\SYSTEM32\WSOCK32.dll
0x00007ff830cd0000 - 0x00007ff830cda000 	C:\Windows\SYSTEM32\VERSION.dll
0x00007ff8351b0000 - 0x00007ff83521a000 	C:\Windows\System32\WS2_32.dll
0x0000000000af0000 - 0x0000000000b1b000 	C:\Windows\SYSTEM32\WINMMBASE.dll
0x00007ff8329d0000 - 0x00007ff832a12000 	C:\Windows\System32\cfgmgr32.dll
0x0000000055b60000 - 0x0000000055b6f000 	C:\Program Files\Java\jdk1.8.0_121\jre\bin\verify.dll
0x0000000055b30000 - 0x0000000055b59000 	C:\Program Files\Java\jdk1.8.0_121\jre\bin\java.dll
0x0000000055b10000 - 0x0000000055b26000 	C:\Program Files\Java\jdk1.8.0_121\jre\bin\zip.dll
0x00007ff833960000 - 0x00007ff834e68000 	C:\Windows\System32\SHELL32.dll
0x00007ff832ca0000 - 0x00007ff83337a000 	C:\Windows\System32\windows.storage.dll
0x00007ff8327a0000 - 0x00007ff8327ec000 	C:\Windows\System32\powrprof.dll
0x00007ff8358c0000 - 0x00007ff835912000 	C:\Windows\System32\shlwapi.dll
0x00007ff8327f0000 - 0x00007ff8327ff000 	C:\Windows\System32\kernel.appcore.dll
0x00007ff8337a0000 - 0x00007ff833849000 	C:\Windows\System32\shcore.dll
0x00007ff832800000 - 0x00007ff832814000 	C:\Windows\System32\profapi.dll
0x0000000055af0000 - 0x0000000055b0a000 	C:\Program Files\Java\jdk1.8.0_121\jre\bin\net.dll
0x00007ff831d60000 - 0x00007ff831dbc000 	C:\Windows\system32\mswsock.dll
0x0000000055ad0000 - 0x0000000055ae1000 	C:\Program Files\Java\jdk1.8.0_121\jre\bin\nio.dll
0x00007ff828040000 - 0x00007ff82805e000 	C:\Users\Linhtn9\.gradle\native\23\windows-amd64\native-platform.dll
0x00007ff8321c0000 - 0x00007ff8321d7000 	C:\Windows\SYSTEM32\CRYPTSP.dll
0x00007ff831960000 - 0x00007ff831993000 	C:\Windows\system32\rsaenh.dll
0x00007ff8326d0000 - 0x00007ff8326fb000 	C:\Windows\SYSTEM32\bcrypt.dll
0x00007ff831be0000 - 0x00007ff831bff000 	C:\Windows\SYSTEM32\USERENV.dll
0x00007ff831f00000 - 0x00007ff831f0b000 	C:\Windows\SYSTEM32\CRYPTBASE.dll
0x00007ff831ae0000 - 0x00007ff831b18000 	C:\Windows\SYSTEM32\IPHLPAPI.DLL
0x00007ff835440000 - 0x00007ff835448000 	C:\Windows\System32\NSI.dll
0x00007ff82cfa0000 - 0x00007ff82cfb6000 	C:\Windows\SYSTEM32\dhcpcsvc6.DLL
0x00007ff82cf80000 - 0x00007ff82cf9a000 	C:\Windows\SYSTEM32\dhcpcsvc.DLL
0x0000000055ac0000 - 0x0000000055acd000 	C:\Program Files\Java\jdk1.8.0_121\jre\bin\management.dll
0x00007ff831830000 - 0x00007ff831862000 	C:\Windows\SYSTEM32\ntmarta.dll

VM Arguments:
jvm_args: -Xmx1536m -Dfile.encoding=windows-1252 -Duser.country=US -Duser.language=en -Duser.variant 
java_command: org.gradle.launcher.daemon.bootstrap.GradleDaemon 3.3
java_class_path (initial): C:\Users\Linhtn9\.gradle\wrapper\dists\gradle-3.3-all\55gk2rcmfc6p2dg9u9ohc3hw9\gradle-3.3\lib\gradle-launcher-3.3.jar
Launcher Type: SUN_STANDARD

Environment Variables:
JAVA_HOME=C:\Program Files\Java\jdk1.8.0_111
PATH=C:\ProgramData\Oracle\Java\javapath;C:\Windows\system32;C:\Windows;C:\Windows\System32\Wbem;C:\Windows\System32\WindowsPowerShell\v1.0\;C:\Program Files\PuTTY\;C:\Program Files\TortoiseSVN\bin;C:\Program Files (x86)\Skype\Phone\;C:\Users\Linhtn9\AppData\Local\Microsoft\WindowsApps;
USERNAME=Linhtn9
OS=Windows_NT
PROCESSOR_IDENTIFIER=Intel64 Family 6 Model 61 Stepping 4, GenuineIntel



---------------  S Y S T E M  ---------------

OS: Windows 10.0 , 64 bit Build 14393 (10.0.14393.0)

CPU:total 4 (2 cores per cpu, 2 threads per core) family 6 model 61 stepping 4, cmov, cx8, fxsr, mmx, sse, sse2, sse3, ssse3, sse4.1, sse4.2, popcnt, avx, avx2, aes, clmul, erms, 3dnowpref, lzcnt, ht, tsc, tscinvbit, bmi1, bmi2, adx

Memory: 4k page, physical 4076948k(250512k free), swap 5872032k(5432k free)

vm_info: Java HotSpot(TM) 64-Bit Server VM (25.121-b13) for windows-amd64 JRE (1.8.0_121-b13), built on Dec 12 2016 18:21:36 by "java_re" with MS VC++ 10.0 (VS2010)

time: Fri May 05 14:11:06 2017
elapsed time: 251 seconds (0d 0h 4m 11s)

