#
# There is insufficient memory for the Java Runtime Environment to continue.
# Native memory allocation (malloc) failed to allocate 769776 bytes for Chunk::new
# Possible reasons:
#   The system is out of physical RAM or swap space
#   In 32 bit mode, the process size limit was hit
# Possible solutions:
#   Reduce memory load on the system
#   Increase physical memory or swap space
#   Check if swap backing store is full
#   Use 64 bit Java on a 64 bit OS
#   Decrease Java heap size (-Xmx/-Xms)
#   Decrease number of Java threads
#   Decrease Java thread stack sizes (-Xss)
#   Set larger code cache with -XX:ReservedCodeCacheSize=
# This output file may be truncated or incomplete.
#
#  Out of Memory Error (allocation.cpp:390), pid=7924, tid=0x000000000000216c
#
# JRE version: Java(TM) SE Runtime Environment (8.0_121-b13) (build 1.8.0_121-b13)
# Java VM: Java HotSpot(TM) 64-Bit Server VM (25.121-b13 mixed mode windows-amd64 compressed oops)
# Failed to write core dump. Minidumps are not enabled by default on client versions of Windows
#

---------------  T H R E A D  ---------------

Current thread (0x00000000158a6000):  JavaThread "C2 CompilerThread1" daemon [_thread_in_native, id=8556, stack(0x0000000016ff0000,0x00000000170f0000)]

Stack: [0x0000000016ff0000,0x00000000170f0000]
[error occurred during error reporting (printing stack bounds), id 0xc0000005]

Native frames: (J=compiled Java code, j=interpreted, Vv=VM code, C=native code)


Current CompileTask:
C2:  12200 1709       4       java.net.URLClassLoader$1::run (5 bytes)


---------------  P R O C E S S  ---------------

Java Threads: ( => current thread )
  0x00000000173f1000 JavaThread "File lock request listener" [_thread_in_native, id=5332, stack(0x000000001b480000,0x000000001b580000)]
  0x000000001796b800 JavaThread "Stdin handler" [_thread_blocked, id=3820, stack(0x0000000019fb0000,0x000000001a0b0000)]
  0x000000001796a800 JavaThread "Asynchronous log dispatcher for org.gradle.launcher.daemon.server.DefaultDaemonConnection@4f4aacd" [_thread_blocked, id=9840, stack(0x0000000019cb0000,0x0000000019db0000)]
  0x00000000185a8800 JavaThread "Daemon worker" [_thread_in_vm, id=8504, stack(0x0000000019bb0000,0x0000000019cb0000)]
  0x0000000017913000 JavaThread "Cancel handler" [_thread_blocked, id=9896, stack(0x0000000019ab0000,0x0000000019bb0000)]
  0x0000000017218800 JavaThread "Handler for socket connection from /127.0.0.1:50820 to /127.0.0.1:50822" [_thread_in_native, id=744, stack(0x00000000199b0000,0x0000000019ab0000)]
  0x00000000183db800 JavaThread "Daemon" [_thread_blocked, id=1960, stack(0x00000000198b0000,0x00000000199b0000)]
  0x000000001846e800 JavaThread "Incoming local TCP Connector on port 50820" [_thread_in_native, id=2624, stack(0x0000000019480000,0x0000000019580000)]
  0x00000000181dc000 JavaThread "pool-1-thread-1" [_thread_blocked, id=9920, stack(0x0000000019380000,0x0000000019480000)]
  0x00000000158fb000 JavaThread "Service Thread" daemon [_thread_blocked, id=8, stack(0x00000000175f0000,0x00000000176f0000)]
  0x00000000158e4000 JavaThread "C1 CompilerThread2" daemon [_thread_blocked, id=7400, stack(0x00000000170f0000,0x00000000171f0000)]
=>0x00000000158a6000 JavaThread "C2 CompilerThread1" daemon [_thread_in_native, id=8556, stack(0x0000000016ff0000,0x00000000170f0000)]
  0x000000001589d000 JavaThread "C2 CompilerThread0" daemon [_thread_in_native, id=8636, stack(0x0000000016ef0000,0x0000000016ff0000)]
  0x000000001589b800 JavaThread "Attach Listener" daemon [_thread_blocked, id=6136, stack(0x0000000016df0000,0x0000000016ef0000)]
  0x000000001589a000 JavaThread "Signal Dispatcher" daemon [_thread_blocked, id=5088, stack(0x0000000016cf0000,0x0000000016df0000)]
  0x000000001588a800 JavaThread "Finalizer" daemon [_thread_blocked, id=8792, stack(0x0000000016b00000,0x0000000016c00000)]
  0x0000000015869000 JavaThread "Reference Handler" daemon [_thread_blocked, id=4300, stack(0x0000000016a00000,0x0000000016b00000)]
  0x000000000180e000 JavaThread "main" [_thread_blocked, id=7620, stack(0x0000000002fb0000,0x00000000030b0000)]

Other Threads:
  0x0000000015867800 VMThread [stack: 0x0000000016900000,0x0000000016a00000] [id=7484]
  0x000000001721b800 WatcherThread [stack: 0x00000000176f0000,0x00000000177f0000] [id=360]

VM state:not at safepoint (normal execution)

VM Mutex/Monitor currently owned by a thread: None

Heap:
 PSYoungGen      total 35328K, used 8143K [0x00000000eab00000, 0x00000000efc00000, 0x0000000100000000)
  eden space 32768K, 17% used [0x00000000eab00000,0x00000000eb073cf8,0x00000000ecb00000)
  from space 2560K, 100% used [0x00000000ecb00000,0x00000000ecd80000,0x00000000ecd80000)
  to   space 8704K, 0% used [0x00000000ef380000,0x00000000ef380000,0x00000000efc00000)
 ParOldGen       total 44032K, used 9880K [0x00000000c0000000, 0x00000000c2b00000, 0x00000000eab00000)
  object space 44032K, 22% used [0x00000000c0000000,0x00000000c09a6280,0x00000000c2b00000)
 Metaspace       used 18963K, capacity 19398K, committed 19712K, reserved 1067008K
  class space    used 2594K, capacity 2728K, committed 2816K, reserved 1048576K

Card table byte_map: [0x0000000012590000,0x00000000127a0000] byte_map_base: 0x0000000011f90000

Marking Bits: (ParMarkBitMap*) 0x000000005638b6d0
 Begin Bits: [0x0000000012d00000, 0x0000000013d00000)
 End Bits:   [0x0000000013d00000, 0x0000000014d00000)

Polling page: 0x00000000012b0000

CodeCache: size=245760Kb used=6175Kb max_used=6175Kb free=239584Kb
 bounds [0x00000000031d0000, 0x00000000037e0000, 0x00000000121d0000]
 total_blobs=2073 nmethods=1685 adapters=300
 compilation: enabled

Compilation events (10 events):
Event: 12.158 Thread 0x00000000158e4000 1719       3       java.lang.reflect.Executable::equalParamTypes (36 bytes)
Event: 12.159 Thread 0x00000000158e4000 nmethod 1719 0x00000000032f9450 code [0x00000000032f95c0, 0x00000000032f9890]
Event: 12.163 Thread 0x00000000158e4000 1721       3       java.lang.reflect.Executable::getGenericExceptionTypes (27 bytes)
Event: 12.163 Thread 0x00000000158e4000 nmethod 1721 0x00000000032f8cd0 code [0x00000000032f8e60, 0x00000000032f9318]
Event: 12.165 Thread 0x00000000158e4000 1722   !   3       sun.reflect.misc.ReflectUtil::isPackageAccessible (12 bytes)
Event: 12.166 Thread 0x00000000158e4000 nmethod 1722 0x00000000037d96d0 code [0x00000000037d9880, 0x00000000037d9c98]
Event: 12.167 Thread 0x00000000158e4000 1723       3       java.lang.reflect.Method::getTypeParameters (26 bytes)
Event: 12.168 Thread 0x00000000158e4000 nmethod 1723 0x00000000037d9ed0 code [0x00000000037da0c0, 0x00000000037daaf8]
Event: 12.170 Thread 0x00000000158e4000 1724       3       java.lang.reflect.Method::getGenericExceptionTypes (5 bytes)
Event: 12.172 Thread 0x00000000158e4000 nmethod 1724 0x00000000037db190 code [0x00000000037db3c0, 0x00000000037dc148]

GC Heap History (10 events):
Event: 1.043 GC heap before
{Heap before GC invocations=1 (full 0):
 PSYoungGen      total 18944K, used 16384K [0x00000000eab00000, 0x00000000ec000000, 0x0000000100000000)
  eden space 16384K, 100% used [0x00000000eab00000,0x00000000ebb00000,0x00000000ebb00000)
  from space 2560K, 0% used [0x00000000ebd80000,0x00000000ebd80000,0x00000000ec000000)
  to   space 2560K, 0% used [0x00000000ebb00000,0x00000000ebb00000,0x00000000ebd80000)
 ParOldGen       total 44032K, used 0K [0x00000000c0000000, 0x00000000c2b00000, 0x00000000eab00000)
  object space 44032K, 0% used [0x00000000c0000000,0x00000000c0000000,0x00000000c2b00000)
 Metaspace       used 5743K, capacity 6200K, committed 6528K, reserved 1056768K
  class space    used 744K, capacity 792K, committed 896K, reserved 1048576K
Event: 1.048 GC heap after
Heap after GC invocations=1 (full 0):
 PSYoungGen      total 18944K, used 2546K [0x00000000eab00000, 0x00000000ec000000, 0x0000000100000000)
  eden space 16384K, 0% used [0x00000000eab00000,0x00000000eab00000,0x00000000ebb00000)
  from space 2560K, 99% used [0x00000000ebb00000,0x00000000ebd7caf0,0x00000000ebd80000)
  to   space 2560K, 0% used [0x00000000ebd80000,0x00000000ebd80000,0x00000000ec000000)
 ParOldGen       total 44032K, used 531K [0x00000000c0000000, 0x00000000c2b00000, 0x00000000eab00000)
  object space 44032K, 1% used [0x00000000c0000000,0x00000000c0084f90,0x00000000c2b00000)
 Metaspace       used 5743K, capacity 6200K, committed 6528K, reserved 1056768K
  class space    used 744K, capacity 792K, committed 896K, reserved 1048576K
}
Event: 1.585 GC heap before
{Heap before GC invocations=2 (full 0):
 PSYoungGen      total 18944K, used 18930K [0x00000000eab00000, 0x00000000ec000000, 0x0000000100000000)
  eden space 16384K, 100% used [0x00000000eab00000,0x00000000ebb00000,0x00000000ebb00000)
  from space 2560K, 99% used [0x00000000ebb00000,0x00000000ebd7caf0,0x00000000ebd80000)
  to   space 2560K, 0% used [0x00000000ebd80000,0x00000000ebd80000,0x00000000ec000000)
 ParOldGen       total 44032K, used 531K [0x00000000c0000000, 0x00000000c2b00000, 0x00000000eab00000)
  object space 44032K, 1% used [0x00000000c0000000,0x00000000c0084f90,0x00000000c2b00000)
 Metaspace       used 5969K, capacity 6320K, committed 6528K, reserved 1056768K
  class space    used 772K, capacity 832K, committed 896K, reserved 1048576K
Event: 1.618 GC heap after
Heap after GC invocations=2 (full 0):
 PSYoungGen      total 18944K, used 2044K [0x00000000eab00000, 0x00000000ed000000, 0x0000000100000000)
  eden space 16384K, 0% used [0x00000000eab00000,0x00000000eab00000,0x00000000ebb00000)
  from space 2560K, 79% used [0x00000000ebd80000,0x00000000ebf7f2d0,0x00000000ec000000)
  to   space 2560K, 0% used [0x00000000ebb00000,0x00000000ebb00000,0x00000000ebd80000)
 ParOldGen       total 44032K, used 539K [0x00000000c0000000, 0x00000000c2b00000, 0x00000000eab00000)
  object space 44032K, 1% used [0x00000000c0000000,0x00000000c0086f90,0x00000000c2b00000)
 Metaspace       used 5969K, capacity 6320K, committed 6528K, reserved 1056768K
  class space    used 772K, capacity 832K, committed 896K, reserved 1048576K
}
Event: 5.095 GC heap before
{Heap before GC invocations=3 (full 0):
 PSYoungGen      total 18944K, used 18428K [0x00000000eab00000, 0x00000000ed000000, 0x0000000100000000)
  eden space 16384K, 100% used [0x00000000eab00000,0x00000000ebb00000,0x00000000ebb00000)
  from space 2560K, 79% used [0x00000000ebd80000,0x00000000ebf7f2d0,0x00000000ec000000)
  to   space 2560K, 0% used [0x00000000ebb00000,0x00000000ebb00000,0x00000000ebd80000)
 ParOldGen       total 44032K, used 539K [0x00000000c0000000, 0x00000000c2b00000, 0x00000000eab00000)
  object space 44032K, 1% used [0x00000000c0000000,0x00000000c0086f90,0x00000000c2b00000)
 Metaspace       used 10751K, capacity 11020K, committed 11264K, reserved 1058816K
  class space    used 1399K, capacity 1502K, committed 1536K, reserved 1048576K
Event: 5.112 GC heap after
Heap after GC invocations=3 (full 0):
 PSYoungGen      total 18944K, used 2528K [0x00000000eab00000, 0x00000000ed000000, 0x0000000100000000)
  eden space 16384K, 0% used [0x00000000eab00000,0x00000000eab00000,0x00000000ebb00000)
  from space 2560K, 98% used [0x00000000ebb00000,0x00000000ebd78040,0x00000000ebd80000)
  to   space 2560K, 0% used [0x00000000ecd80000,0x00000000ecd80000,0x00000000ed000000)
 ParOldGen       total 44032K, used 1919K [0x00000000c0000000, 0x00000000c2b00000, 0x00000000eab00000)
  object space 44032K, 4% used [0x00000000c0000000,0x00000000c01dfd58,0x00000000c2b00000)
 Metaspace       used 10751K, capacity 11020K, committed 11264K, reserved 1058816K
  class space    used 1399K, capacity 1502K, committed 1536K, reserved 1048576K
}
Event: 5.730 GC heap before
{Heap before GC invocations=4 (full 0):
 PSYoungGen      total 18944K, used 18912K [0x00000000eab00000, 0x00000000ed000000, 0x0000000100000000)
  eden space 16384K, 100% used [0x00000000eab00000,0x00000000ebb00000,0x00000000ebb00000)
  from space 2560K, 98% used [0x00000000ebb00000,0x00000000ebd78040,0x00000000ebd80000)
  to   space 2560K, 0% used [0x00000000ecd80000,0x00000000ecd80000,0x00000000ed000000)
 ParOldGen       total 44032K, used 1919K [0x00000000c0000000, 0x00000000c2b00000, 0x00000000eab00000)
  object space 44032K, 4% used [0x00000000c0000000,0x00000000c01dfd58,0x00000000c2b00000)
 Metaspace       used 12502K, capacity 12868K, committed 13184K, reserved 1060864K
  class space    used 1713K, capacity 1816K, committed 1920K, reserved 1048576K
Event: 5.737 GC heap after
Heap after GC invocations=4 (full 0):
 PSYoungGen      total 35328K, used 2544K [0x00000000eab00000, 0x00000000ed000000, 0x0000000100000000)
  eden space 32768K, 0% used [0x00000000eab00000,0x00000000eab00000,0x00000000ecb00000)
  from space 2560K, 99% used [0x00000000ecd80000,0x00000000ecffc010,0x00000000ed000000)
  to   space 2560K, 0% used [0x00000000ecb00000,0x00000000ecb00000,0x00000000ecd80000)
 ParOldGen       total 44032K, used 3788K [0x00000000c0000000, 0x00000000c2b00000, 0x00000000eab00000)
  object space 44032K, 8% used [0x00000000c0000000,0x00000000c03b3148,0x00000000c2b00000)
 Metaspace       used 12502K, capacity 12868K, committed 13184K, reserved 1060864K
  class space    used 1713K, capacity 1816K, committed 1920K, reserved 1048576K
}
Event: 11.380 GC heap before
{Heap before GC invocations=5 (full 0):
 PSYoungGen      total 35328K, used 35312K [0x00000000eab00000, 0x00000000ed000000, 0x0000000100000000)
  eden space 32768K, 100% used [0x00000000eab00000,0x00000000ecb00000,0x00000000ecb00000)
  from space 2560K, 99% used [0x00000000ecd80000,0x00000000ecffc010,0x00000000ed000000)
  to   space 2560K, 0% used [0x00000000ecb00000,0x00000000ecb00000,0x00000000ecd80000)
 ParOldGen       total 44032K, used 3788K [0x00000000c0000000, 0x00000000c2b00000, 0x00000000eab00000)
  object space 44032K, 8% used [0x00000000c0000000,0x00000000c03b3148,0x00000000c2b00000)
 Metaspace       used 18557K, capacity 18944K, committed 19072K, reserved 1064960K
  class space    used 2538K, capacity 2662K, committed 2688K, reserved 1048576K
Event: 11.408 GC heap after
Heap after GC invocations=5 (full 0):
 PSYoungGen      total 35328K, used 2560K [0x00000000eab00000, 0x00000000efc00000, 0x0000000100000000)
  eden space 32768K, 0% used [0x00000000eab00000,0x00000000eab00000,0x00000000ecb00000)
  from space 2560K, 100% used [0x00000000ecb00000,0x00000000ecd80000,0x00000000ecd80000)
  to   space 8704K, 0% used [0x00000000ef380000,0x00000000ef380000,0x00000000efc00000)
 ParOldGen       total 44032K, used 9880K [0x00000000c0000000, 0x00000000c2b00000, 0x00000000eab00000)
  object space 44032K, 22% used [0x00000000c0000000,0x00000000c09a6280,0x00000000c2b00000)
 Metaspace       used 18557K, capacity 18944K, committed 19072K, reserved 1064960K
  class space    used 2538K, capacity 2662K, committed 2688K, reserved 1048576K
}

Deoptimization events (10 events):
Event: 9.485 Thread 0x00000000185a8800 Uncommon trap: reason=bimorphic action=maybe_recompile pc=0x00000000036feb20 method=java.lang.ClassLoader.getPackage(Ljava/lang/String;)Ljava/lang/Package; @ 47
Event: 11.174 Thread 0x00000000185a8800 Uncommon trap: reason=unstable_if action=reinterpret pc=0x00000000034a3610 method=java.lang.AbstractStringBuilder.append(Ljava/lang/String;)Ljava/lang/AbstractStringBuilder; @ 1
Event: 11.174 Thread 0x00000000185a8800 Uncommon trap: reason=unstable_if action=reinterpret pc=0x0000000003424018 method=java.lang.AbstractStringBuilder.append(Ljava/lang/String;)Ljava/lang/AbstractStringBuilder; @ 1
Event: 11.500 Thread 0x00000000185a8800 Uncommon trap: reason=class_check action=maybe_recompile pc=0x0000000003386728 method=java.lang.String.equals(Ljava/lang/Object;)Z @ 8
Event: 11.500 Thread 0x00000000185a8800 Uncommon trap: reason=class_check action=maybe_recompile pc=0x0000000003386728 method=java.lang.String.equals(Ljava/lang/Object;)Z @ 8
Event: 11.501 Thread 0x00000000185a8800 Uncommon trap: reason=class_check action=maybe_recompile pc=0x0000000003386728 method=java.lang.String.equals(Ljava/lang/Object;)Z @ 8
Event: 11.501 Thread 0x00000000185a8800 Uncommon trap: reason=class_check action=maybe_recompile pc=0x0000000003386728 method=java.lang.String.equals(Ljava/lang/Object;)Z @ 8
Event: 11.953 Thread 0x00000000185a8800 Uncommon trap: reason=class_check action=maybe_recompile pc=0x00000000033886ac method=sun.misc.URLClassPath.getLoader(I)Lsun/misc/URLClassPath$Loader; @ 94
Event: 11.954 Thread 0x00000000185a8800 Uncommon trap: reason=class_check action=maybe_recompile pc=0x000000000378ce24 method=sun.misc.URLClassPath.getResource(Ljava/lang/String;Z)Lsun/misc/Resource; @ 62
Event: 12.107 Thread 0x00000000185a8800 Uncommon trap: reason=class_check action=maybe_recompile pc=0x000000000338884c method=sun.misc.URLClassPath.getLoader(I)Lsun/misc/URLClassPath$Loader; @ 239

Internal exceptions (10 events):
Event: 12.110 Thread 0x00000000185a8800 Exception <a 'java/lang/ClassNotFoundException': asLocalRepo1004_mos1rbc6hu1xpx88tlklwwa5BeanInfo> (0x00000000eaf8a7b0) thrown at [C:\re\workspace\8-2-build-windows-amd64-cygwin\jdk8u121\8372\hotspot\src\share\vm\classfile\systemDictionary.cpp, line 210]
Event: 12.112 Thread 0x00000000185a8800 Exception <a 'java/lang/ClassNotFoundException': org/gradle/initialization/InitScriptBeanInfo> (0x00000000eaf97580) thrown at [C:\re\workspace\8-2-build-windows-amd64-cygwin\jdk8u121\8372\hotspot\src\share\vm\classfile\systemDictionary.cpp, line 210]
Event: 12.113 Thread 0x00000000185a8800 Exception <a 'java/lang/ClassNotFoundException': org/gradle/groovy/scripts/DefaultScriptBeanInfo> (0x00000000eafa5478) thrown at [C:\re\workspace\8-2-build-windows-amd64-cygwin\jdk8u121\8372\hotspot\src\share\vm\classfile\systemDictionary.cpp, line 210]
Event: 12.114 Thread 0x00000000185a8800 Exception <a 'java/lang/ClassNotFoundException': org/gradle/groovy/scripts/BasicScriptBeanInfo> (0x00000000eafb3000) thrown at [C:\re\workspace\8-2-build-windows-amd64-cygwin\jdk8u121\8372\hotspot\src\share\vm\classfile\systemDictionary.cpp, line 210]
Event: 12.114 Thread 0x00000000185a8800 Exception <a 'java/lang/ClassNotFoundException': org/gradle/groovy/scripts/ScriptBeanInfo> (0x00000000eafbff08) thrown at [C:\re\workspace\8-2-build-windows-amd64-cygwin\jdk8u121\8372\hotspot\src\share\vm\classfile\systemDictionary.cpp, line 210]
Event: 12.125 Thread 0x00000000185a8800 Exception <a 'java/lang/ClassNotFoundException': groovy/lang/ScriptBeanInfo> (0x00000000eafca398) thrown at [C:\re\workspace\8-2-build-windows-amd64-cygwin\jdk8u121\8372\hotspot\src\share\vm\classfile\systemDictionary.cpp, line 210]
Event: 12.126 Thread 0x00000000185a8800 Exception <a 'java/lang/ClassNotFoundException': groovy/lang/ScriptCustomizer> (0x00000000eafd51e8) thrown at [C:\re\workspace\8-2-build-windows-amd64-cygwin\jdk8u121\8372\hotspot\src\share\vm\classfile\systemDictionary.cpp, line 210]
Event: 12.153 Thread 0x00000000185a8800 Exception <a 'java/lang/ClassNotFoundException': org/gradle/groovy/scripts/ScriptCustomizer> (0x00000000eafebdd0) thrown at [C:\re\workspace\8-2-build-windows-amd64-cygwin\jdk8u121\8372\hotspot\src\share\vm\classfile\systemDictionary.cpp, line 210]
Event: 12.158 Thread 0x00000000185a8800 Exception <a 'java/lang/ClassNotFoundException': org/gradle/groovy/scripts/BasicScriptCustomizer> (0x00000000eb003878) thrown at [C:\re\workspace\8-2-build-windows-amd64-cygwin\jdk8u121\8372\hotspot\src\share\vm\classfile\systemDictionary.cpp, line 210]
Event: 12.164 Thread 0x00000000185a8800 Exception <a 'java/lang/ClassNotFoundException': org/gradle/groovy/scripts/DefaultScriptCustomizer> (0x00000000eb01dc60) thrown at [C:\re\workspace\8-2-build-windows-amd64-cygwin\jdk8u121\8372\hotspot\src\share\vm\classfile\systemDictionary.cpp, line 210]

Events (10 events):
Event: 12.158 loading class org/gradle/groovy/scripts/BasicScriptCustomizer
Event: 12.158 loading class org/gradle/groovy/scripts/BasicScriptCustomizer done
Event: 12.158 loading class org/gradle/groovy/scripts/BasicScriptCustomizer
Event: 12.158 loading class org/gradle/groovy/scripts/BasicScriptCustomizer done
Event: 12.164 loading class org/gradle/groovy/scripts/DefaultScriptCustomizer
Event: 12.164 loading class org/gradle/groovy/scripts/DefaultScriptCustomizer done
Event: 12.164 loading class org/gradle/groovy/scripts/DefaultScriptCustomizer
Event: 12.164 loading class org/gradle/groovy/scripts/DefaultScriptCustomizer done
Event: 12.164 loading class org/gradle/groovy/scripts/DefaultScriptCustomizer
Event: 12.164 loading class org/gradle/groovy/scripts/DefaultScriptCustomizer done


Dynamic libraries:
0x00007ff644e20000 - 0x00007ff644e57000 	C:\Program Files\Java\jdk1.8.0_121\bin\java.exe
0x00007ff836330000 - 0x00007ff836501000 	C:\Windows\SYSTEM32\ntdll.dll
0x00007ff836150000 - 0x00007ff8361fb000 	C:\Windows\System32\KERNEL32.DLL
0x00007ff832a80000 - 0x00007ff832c9d000 	C:\Windows\System32\KERNELBASE.dll
0x00007ff8360a0000 - 0x00007ff836142000 	C:\Windows\System32\ADVAPI32.dll
0x00007ff8338c0000 - 0x00007ff83395e000 	C:\Windows\System32\msvcrt.dll
0x00007ff835bd0000 - 0x00007ff835c29000 	C:\Windows\System32\sechost.dll
0x00007ff836200000 - 0x00007ff836321000 	C:\Windows\System32\RPCRT4.dll
0x00007ff834e90000 - 0x00007ff834ff5000 	C:\Windows\System32\USER32.dll
0x00007ff8335f0000 - 0x00007ff83360e000 	C:\Windows\System32\win32u.dll
0x00007ff835880000 - 0x00007ff8358b4000 	C:\Windows\System32\GDI32.dll
0x00007ff833610000 - 0x00007ff833792000 	C:\Windows\System32\gdi32full.dll
0x00007ff827c10000 - 0x00007ff827e8a000 	C:\Windows\WinSxS\amd64_microsoft.windows.common-controls_6595b64144ccf1df_6.0.14393.953_none_42151e83c686086b\COMCTL32.dll
0x00007ff835dd0000 - 0x00007ff836098000 	C:\Windows\System32\combase.dll
0x00007ff8328d0000 - 0x00007ff8329c5000 	C:\Windows\System32\ucrtbase.dll
0x00007ff833850000 - 0x00007ff8338ba000 	C:\Windows\System32\bcryptPrimitives.dll
0x00007ff835000000 - 0x00007ff83502e000 	C:\Windows\System32\IMM32.DLL
0x0000000056410000 - 0x00000000564e2000 	C:\Program Files\Java\jdk1.8.0_121\jre\bin\msvcr100.dll
0x0000000055b70000 - 0x000000005640b000 	C:\Program Files\Java\jdk1.8.0_121\jre\bin\server\jvm.dll
0x00007ff8350a0000 - 0x00007ff8350a8000 	C:\Windows\System32\PSAPI.DLL
0x00007ff8313e0000 - 0x00007ff8313e9000 	C:\Windows\SYSTEM32\WSOCK32.dll
0x00007ff82fd10000 - 0x00007ff82fd33000 	C:\Windows\SYSTEM32\WINMM.dll
0x00007ff8351b0000 - 0x00007ff83521a000 	C:\Windows\System32\WS2_32.dll
0x00007ff830cd0000 - 0x00007ff830cda000 	C:\Windows\SYSTEM32\VERSION.dll
0x00007ff82fcb0000 - 0x00007ff82fcdb000 	C:\Windows\SYSTEM32\WINMMBASE.dll
0x00007ff8329d0000 - 0x00007ff832a12000 	C:\Windows\System32\cfgmgr32.dll
0x0000000055b60000 - 0x0000000055b6f000 	C:\Program Files\Java\jdk1.8.0_121\jre\bin\verify.dll
0x0000000055b30000 - 0x0000000055b59000 	C:\Program Files\Java\jdk1.8.0_121\jre\bin\java.dll
0x0000000055b10000 - 0x0000000055b26000 	C:\Program Files\Java\jdk1.8.0_121\jre\bin\zip.dll
0x00007ff833960000 - 0x00007ff834e68000 	C:\Windows\System32\SHELL32.dll
0x00007ff832ca0000 - 0x00007ff83337a000 	C:\Windows\System32\windows.storage.dll
0x00007ff8327a0000 - 0x00007ff8327ec000 	C:\Windows\System32\powrprof.dll
0x00007ff8358c0000 - 0x00007ff835912000 	C:\Windows\System32\shlwapi.dll
0x00007ff8327f0000 - 0x00007ff8327ff000 	C:\Windows\System32\kernel.appcore.dll
0x00007ff8337a0000 - 0x00007ff833849000 	C:\Windows\System32\shcore.dll
0x00007ff832800000 - 0x00007ff832814000 	C:\Windows\System32\profapi.dll
0x0000000055af0000 - 0x0000000055b0a000 	C:\Program Files\Java\jdk1.8.0_121\jre\bin\net.dll
0x00007ff831d60000 - 0x00007ff831dbc000 	C:\Windows\system32\mswsock.dll
0x0000000055ad0000 - 0x0000000055ae1000 	C:\Program Files\Java\jdk1.8.0_121\jre\bin\nio.dll
0x00007ff80f740000 - 0x00007ff80f752000 	C:\Users\Linhtn9\.gradle\native\19\windows-amd64\native-platform.dll
0x00007ff8321c0000 - 0x00007ff8321d7000 	C:\Windows\SYSTEM32\CRYPTSP.dll
0x00007ff831960000 - 0x00007ff831993000 	C:\Windows\system32\rsaenh.dll
0x00007ff8326d0000 - 0x00007ff8326fb000 	C:\Windows\SYSTEM32\bcrypt.dll
0x00007ff831be0000 - 0x00007ff831bff000 	C:\Windows\SYSTEM32\USERENV.dll
0x00007ff831f00000 - 0x00007ff831f0b000 	C:\Windows\SYSTEM32\CRYPTBASE.dll
0x00007ff831ae0000 - 0x00007ff831b18000 	C:\Windows\SYSTEM32\IPHLPAPI.DLL
0x00007ff835440000 - 0x00007ff835448000 	C:\Windows\System32\NSI.dll
0x00007ff82cfa0000 - 0x00007ff82cfb6000 	C:\Windows\SYSTEM32\dhcpcsvc6.DLL
0x00007ff82cf80000 - 0x00007ff82cf9a000 	C:\Windows\SYSTEM32\dhcpcsvc.DLL
0x0000000055ac0000 - 0x0000000055acd000 	C:\Program Files\Java\jdk1.8.0_121\jre\bin\management.dll

VM Arguments:
jvm_args: -XX:MaxPermSize=256m -XX:+HeapDumpOnOutOfMemoryError -Xmx1024m -Dfile.encoding=windows-1252 -Duser.country=US -Duser.language=en -Duser.variant 
java_command: org.gradle.launcher.daemon.bootstrap.GradleDaemon 2.14.1
java_class_path (initial): C:\Users\Linhtn9\.gradle\wrapper\dists\gradle-2.14.1-all\8bnwg5hd3w55iofp58khbp6yv\gradle-2.14.1\lib\gradle-launcher-2.14.1.jar
Launcher Type: SUN_STANDARD

Environment Variables:
JAVA_HOME=C:\Program Files\Java\jdk1.8.0_111
PATH=C:\ProgramData\Oracle\Java\javapath;C:\Windows\system32;C:\Windows;C:\Windows\System32\Wbem;C:\Windows\System32\WindowsPowerShell\v1.0\;C:\Program Files\PuTTY\;C:\Program Files\TortoiseSVN\bin;C:\Program Files (x86)\Skype\Phone\;C:\Users\Linhtn9\AppData\Local\Microsoft\WindowsApps;
USERNAME=Linhtn9
OS=Windows_NT
PROCESSOR_IDENTIFIER=Intel64 Family 6 Model 61 Stepping 4, GenuineIntel



---------------  S Y S T E M  ---------------

OS: Windows 10.0 , 64 bit Build 14393 (10.0.14393.0)

CPU:total 4 (2 cores per cpu, 2 threads per core) family 6 model 61 stepping 4, cmov, cx8, fxsr, mmx, sse, sse2, sse3, ssse3, sse4.1, sse4.2, popcnt, avx, avx2, aes, clmul, erms, 3dnowpref, lzcnt, ht, tsc, tscinvbit, bmi1, bmi2, adx

Memory: 4k page, physical 4076948k(251352k free), swap 5872032k(4248k free)

vm_info: Java HotSpot(TM) 64-Bit Server VM (25.121-b13) for windows-amd64 JRE (1.8.0_121-b13), built on Dec 12 2016 18:21:36 by "java_re" with MS VC++ 10.0 (VS2010)

time: Fri May 05 14:11:06 2017
elapsed time: 12 seconds (0d 0h 0m 12s)

